# JRE version: Java(TM) SE Runtime Environment (8.0_45-b14) (build 1.8.0_45-b14)
# Java VM: Java HotSpot(TM) Server VM (25.45-b02 mixed mode linux-x86 )
Heap:
 PSYoungGen      total 51200K, used 2045K [0x91ac0000, 0x94ec0000, 0xa7000000)
  eden space 49152K, 0% used [0x91ac0000,0x91ac0000,0x94ac0000)
  from space 2048K, 99% used [0x94ac0000,0x94cbf7e8,0x94cc0000)
  to   space 2048K, 0% used [0x94cc0000,0x94cc0000,0x94ec0000)
 ParOldGen       total 32768K, used 17684K [0x67000000, 0x69000000, 0x91ac0000)
  object space 32768K, 53% used [0x67000000,0x681451e8,0x69000000)
 Metaspace       used 4898K, capacity 4940K, committed 5016K, reserved 5424K
GC Heap History (9 events):
Event: 1,835 GC heap before
{Heap before GC invocations=1 (full 0):
 PSYoungGen      total 14336K, used 12288K [0x91ac0000, 0x92ac0000, 0xa7000000)
  eden space 12288K, 100% used [0x91ac0000,0x926c0000,0x926c0000)
  from space 2048K, 0% used [0x928c0000,0x928c0000,0x92ac0000)
  to   space 2048K, 0% used [0x926c0000,0x926c0000,0x928c0000)
 ParOldGen       total 32768K, used 0K [0x67000000, 0x69000000, 0x91ac0000)
  object space 32768K, 0% used [0x67000000,0x67000000,0x69000000)
 Metaspace       used 3418K, capacity 3614K, committed 3736K, reserved 4400K
Event: 1,855 GC heap after
Heap after GC invocations=1 (full 0):
 PSYoungGen      total 14336K, used 2047K [0x91ac0000, 0x936c0000, 0xa7000000)
  eden space 12288K, 0% used [0x91ac0000,0x91ac0000,0x926c0000)
  from space 2048K, 99% used [0x926c0000,0x928bfc50,0x928c0000)
  to   space 2048K, 0% used [0x934c0000,0x934c0000,0x936c0000)
 ParOldGen       total 32768K, used 1530K [0x67000000, 0x69000000, 0x91ac0000)
  object space 32768K, 4% used [0x67000000,0x6717e9c0,0x69000000)
 Metaspace       used 3418K, capacity 3614K, committed 3736K, reserved 4400K
}
Event: 2,225 GC heap before
{Heap before GC invocations=2 (full 0):
 PSYoungGen      total 14336K, used 14233K [0x91ac0000, 0x936c0000, 0xa7000000)
  eden space 12288K, 99% used [0x91ac0000,0x926a6850,0x926c0000)
  from space 2048K, 99% used [0x926c0000,0x928bfc50,0x928c0000)
  to   space 2048K, 0% used [0x934c0000,0x934c0000,0x936c0000)
 ParOldGen       total 32768K, used 1530K [0x67000000, 0x69000000, 0x91ac0000)
  object space 32768K, 4% used [0x67000000,0x6717e9c0,0x69000000)
 Metaspace       used 3564K, capacity 3710K, committed 3736K, reserved 4400K
Event: 2,237 GC heap after
Heap after GC invocations=2 (full 0):
 PSYoungGen      total 26624K, used 2041K [0x91ac0000, 0x936c0000, 0xa7000000)
  eden space 24576K, 0% used [0x91ac0000,0x91ac0000,0x932c0000)
  from space 2048K, 99% used [0x934c0000,0x936be630,0x936c0000)
  to   space 2048K, 0% used [0x932c0000,0x932c0000,0x934c0000)
 ParOldGen       total 32768K, used 4274K [0x67000000, 0x69000000, 0x91ac0000)
  object space 32768K, 13% used [0x67000000,0x6742cb08,0x69000000)
 Metaspace       used 3564K, capacity 3710K, committed 3736K, reserved 4400K
}
Event: 3,278 GC heap before
{Heap before GC invocations=3 (full 0):
 PSYoungGen      total 26624K, used 26617K [0x91ac0000, 0x936c0000, 0xa7000000)
  eden space 24576K, 100% used [0x91ac0000,0x932c0000,0x932c0000)
  from space 2048K, 99% used [0x934c0000,0x936be630,0x936c0000)
  to   space 2048K, 0% used [0x932c0000,0x932c0000,0x934c0000)
 ParOldGen       total 32768K, used 4274K [0x67000000, 0x69000000, 0x91ac0000)
  object space 32768K, 13% used [0x67000000,0x6742cb08,0x69000000)
 Metaspace       used 4862K, capacity 4940K, committed 5016K, reserved 5424K
Event: 3,289 GC heap after
Heap after GC invocations=3 (full 0):
 PSYoungGen      total 26624K, used 2035K [0x91ac0000, 0x94ec0000, 0xa7000000)
  eden space 24576K, 0% used [0x91ac0000,0x91ac0000,0x932c0000)
  from space 2048K, 99% used [0x932c0000,0x934bce08,0x934c0000)
  to   space 2048K, 0% used [0x94cc0000,0x94cc0000,0x94ec0000)
 ParOldGen       total 32768K, used 8545K [0x67000000, 0x69000000, 0x91ac0000)
  object space 32768K, 26% used [0x67000000,0x67858688,0x69000000)
 Metaspace       used 4862K, capacity 4940K, committed 5016K, reserved 5424K
}
Event: 3,498 GC heap before
{Heap before GC invocations=4 (full 0):
 PSYoungGen      total 26624K, used 26611K [0x91ac0000, 0x94ec0000, 0xa7000000)
  eden space 24576K, 100% used [0x91ac0000,0x932c0000,0x932c0000)
  from space 2048K, 99% used [0x932c0000,0x934bce08,0x934c0000)
  to   space 2048K, 0% used [0x94cc0000,0x94cc0000,0x94ec0000)
 ParOldGen       total 32768K, used 8545K [0x67000000, 0x69000000, 0x91ac0000)
  object space 32768K, 26% used [0x67000000,0x67858688,0x69000000)
 Metaspace       used 4887K, capacity 4940K, committed 5016K, reserved 5424K
Event: 3,531 GC heap after
Heap after GC invocations=4 (full 0):
 PSYoungGen      total 51200K, used 2037K [0x91ac0000, 0x94ec0000, 0xa7000000)
  eden space 49152K, 0% used [0x91ac0000,0x91ac0000,0x94ac0000)
  from space 2048K, 99% used [0x94cc0000,0x94ebd7d8,0x94ec0000)
  to   space 2048K, 0% used [0x94ac0000,0x94ac0000,0x94cc0000)
 ParOldGen       total 32768K, used 9873K [0x67000000, 0x69000000, 0x91ac0000)
  object space 32768K, 30% used [0x67000000,0x679a44c8,0x69000000)
 Metaspace       used 4887K, capacity 4940K, committed 5016K, reserved 5424K
}
Event: 3,933 GC heap before
{Heap before GC invocations=5 (full 0):
 PSYoungGen      total 51200K, used 51189K [0x91ac0000, 0x94ec0000, 0xa7000000)
  eden space 49152K, 100% used [0x91ac0000,0x94ac0000,0x94ac0000)
  from space 2048K, 99% used [0x94cc0000,0x94ebd7d8,0x94ec0000)
  to   space 2048K, 0% used [0x94ac0000,0x94ac0000,0x94cc0000)
 ParOldGen       total 32768K, used 9873K [0x67000000, 0x69000000, 0x91ac0000)
  object space 32768K, 30% used [0x67000000,0x679a44c8,0x69000000)
 Metaspace       used 4898K, capacity 4940K, committed 5016K, reserved 5424K

