# JRE version: Java(TM) SE Runtime Environment (8.0_45-b14) (build 1.8.0_45-b14)
# Java VM: Java HotSpot(TM) Server VM (25.45-b02 mixed mode linux-x86 )
Heap:
 PSYoungGen      total 26624K, used 2047K [0x91ac0000, 0x936c0000, 0xa7000000)
  eden space 24576K, 0% used [0x91ac0000,0x91ac0000,0x932c0000)
  from space 2048K, 99% used [0x932c0000,0x934bfdb0,0x934c0000)
  to   space 2048K, 0% used [0x934c0000,0x934c0000,0x936c0000)
 ParOldGen       total 32768K, used 10550K [0x67000000, 0x69000000, 0x91ac0000)
  object space 32768K, 32% used [0x67000000,0x67a4d8e8,0x69000000)
 Metaspace       used 4874K, capacity 4940K, committed 5016K, reserved 5424K
GC Heap History (9 events):
Event: 1,689 GC heap before
{Heap before GC invocations=1 (full 0):
 PSYoungGen      total 14336K, used 12288K [0x91ac0000, 0x92ac0000, 0xa7000000)
  eden space 12288K, 100% used [0x91ac0000,0x926c0000,0x926c0000)
  from space 2048K, 0% used [0x928c0000,0x928c0000,0x92ac0000)
  to   space 2048K, 0% used [0x926c0000,0x926c0000,0x928c0000)
 ParOldGen       total 32768K, used 0K [0x67000000, 0x69000000, 0x91ac0000)
  object space 32768K, 0% used [0x67000000,0x67000000,0x69000000)
 Metaspace       used 3430K, capacity 3614K, committed 3736K, reserved 4400K
Event: 1,699 GC heap after
Heap after GC invocations=1 (full 0):
 PSYoungGen      total 14336K, used 2047K [0x91ac0000, 0x92ac0000, 0xa7000000)
  eden space 12288K, 0% used [0x91ac0000,0x91ac0000,0x926c0000)
  from space 2048K, 99% used [0x926c0000,0x928bfc50,0x928c0000)
  to   space 2048K, 0% used [0x928c0000,0x928c0000,0x92ac0000)
 ParOldGen       total 32768K, used 1514K [0x67000000, 0x69000000, 0x91ac0000)
  object space 32768K, 4% used [0x67000000,0x6717ab60,0x69000000)
 Metaspace       used 3430K, capacity 3614K, committed 3736K, reserved 4400K
}
Event: 2,066 GC heap before
{Heap before GC invocations=2 (full 0):
 PSYoungGen      total 14336K, used 14075K [0x91ac0000, 0x92ac0000, 0xa7000000)
  eden space 12288K, 97% used [0x91ac0000,0x9267f2f0,0x926c0000)
  from space 2048K, 99% used [0x926c0000,0x928bfc50,0x928c0000)
  to   space 2048K, 0% used [0x928c0000,0x928c0000,0x92ac0000)
 ParOldGen       total 32768K, used 1514K [0x67000000, 0x69000000, 0x91ac0000)
  object space 32768K, 4% used [0x67000000,0x6717ab60,0x69000000)
 Metaspace       used 3551K, capacity 3710K, committed 3736K, reserved 4400K
Event: 2,079 GC heap after
Heap after GC invocations=2 (full 0):
 PSYoungGen      total 14336K, used 2037K [0x91ac0000, 0x936c0000, 0xa7000000)
  eden space 12288K, 0% used [0x91ac0000,0x91ac0000,0x926c0000)
  from space 2048K, 99% used [0x928c0000,0x92abd400,0x92ac0000)
  to   space 2048K, 0% used [0x926c0000,0x926c0000,0x928c0000)
 ParOldGen       total 32768K, used 4149K [0x67000000, 0x69000000, 0x91ac0000)
  object space 32768K, 12% used [0x67000000,0x6740d5b0,0x69000000)
 Metaspace       used 3551K, capacity 3710K, committed 3736K, reserved 4400K
}
Event: 5,404 GC heap before
{Heap before GC invocations=3 (full 0):
 PSYoungGen      total 14336K, used 14225K [0x91ac0000, 0x936c0000, 0xa7000000)
  eden space 12288K, 99% used [0x91ac0000,0x926a7040,0x926c0000)
  from space 2048K, 99% used [0x928c0000,0x92abd400,0x92ac0000)
  to   space 2048K, 0% used [0x926c0000,0x926c0000,0x928c0000)
 ParOldGen       total 32768K, used 4149K [0x67000000, 0x69000000, 0x91ac0000)
  object space 32768K, 12% used [0x67000000,0x6740d5b0,0x69000000)
 Metaspace       used 4801K, capacity 4844K, committed 4888K, reserved 5424K
Event: 5,417 GC heap after
Heap after GC invocations=3 (full 0):
 PSYoungGen      total 14336K, used 2038K [0x91ac0000, 0x936c0000, 0xa7000000)
  eden space 12288K, 0% used [0x91ac0000,0x91ac0000,0x926c0000)
  from space 2048K, 99% used [0x926c0000,0x928bd9f0,0x928c0000)
  to   space 2048K, 0% used [0x934c0000,0x934c0000,0x936c0000)
 ParOldGen       total 32768K, used 7117K [0x67000000, 0x69000000, 0x91ac0000)
  object space 32768K, 21% used [0x67000000,0x676f3520,0x69000000)
 Metaspace       used 4801K, capacity 4844K, committed 4888K, reserved 5424K
}
Event: 5,687 GC heap before
{Heap before GC invocations=4 (full 0):
 PSYoungGen      total 14336K, used 14326K [0x91ac0000, 0x936c0000, 0xa7000000)
  eden space 12288K, 100% used [0x91ac0000,0x926c0000,0x926c0000)
  from space 2048K, 99% used [0x926c0000,0x928bd9f0,0x928c0000)
  to   space 2048K, 0% used [0x934c0000,0x934c0000,0x936c0000)
 ParOldGen       total 32768K, used 7117K [0x67000000, 0x69000000, 0x91ac0000)
  object space 32768K, 21% used [0x67000000,0x676f3520,0x69000000)
 Metaspace       used 4848K, capacity 4876K, committed 4888K, reserved 5424K
Event: 5,700 GC heap after
Heap after GC invocations=4 (full 0):
 PSYoungGen      total 26624K, used 2042K [0x91ac0000, 0x936c0000, 0xa7000000)
  eden space 24576K, 0% used [0x91ac0000,0x91ac0000,0x932c0000)
  from space 2048K, 99% used [0x934c0000,0x936be8a8,0x936c0000)
  to   space 2048K, 0% used [0x932c0000,0x932c0000,0x934c0000)
 ParOldGen       total 32768K, used 8940K [0x67000000, 0x69000000, 0x91ac0000)
  object space 32768K, 27% used [0x67000000,0x678bb368,0x69000000)
 Metaspace       used 4848K, capacity 4876K, committed 4888K, reserved 5424K
}
Event: 6,002 GC heap before
{Heap before GC invocations=5 (full 0):
 PSYoungGen      total 26624K, used 26618K [0x91ac0000, 0x936c0000, 0xa7000000)
  eden space 24576K, 100% used [0x91ac0000,0x932c0000,0x932c0000)
  from space 2048K, 99% used [0x934c0000,0x936be8a8,0x936c0000)
  to   space 2048K, 0% used [0x932c0000,0x932c0000,0x934c0000)
 ParOldGen       total 32768K, used 8940K [0x67000000, 0x69000000, 0x91ac0000)
  object space 32768K, 27% used [0x67000000,0x678bb368,0x69000000)
 Metaspace       used 4874K, capacity 4940K, committed 5016K, reserved 5424K

