# JRE version: Java(TM) SE Runtime Environment (8.0_45-b14) (build 1.8.0_45-b14)
# Java VM: Java HotSpot(TM) Server VM (25.45-b02 mixed mode linux-x86 )
Heap:
 PSYoungGen      total 51200K, used 2041K [0x91ac0000, 0x94ec0000, 0xa7000000)
  eden space 49152K, 0% used [0x91ac0000,0x91ac0000,0x94ac0000)
  from space 2048K, 99% used [0x94ac0000,0x94cbe6a8,0x94cc0000)
  to   space 2048K, 0% used [0x94cc0000,0x94cc0000,0x94ec0000)
 ParOldGen       total 32768K, used 26463K [0x67000000, 0x69000000, 0x91ac0000)
  object space 32768K, 80% used [0x67000000,0x689d7c38,0x69000000)
 Metaspace       used 4970K, capacity 5036K, committed 5144K, reserved 5424K
GC Heap History (9 events):
Event: 1,559 GC heap before
{Heap before GC invocations=1 (full 0):
 PSYoungGen      total 14336K, used 12288K [0x91ac0000, 0x92ac0000, 0xa7000000)
  eden space 12288K, 100% used [0x91ac0000,0x926c0000,0x926c0000)
  from space 2048K, 0% used [0x928c0000,0x928c0000,0x92ac0000)
  to   space 2048K, 0% used [0x926c0000,0x926c0000,0x928c0000)
 ParOldGen       total 32768K, used 0K [0x67000000, 0x69000000, 0x91ac0000)
  object space 32768K, 0% used [0x67000000,0x67000000,0x69000000)
 Metaspace       used 3416K, capacity 3614K, committed 3736K, reserved 4400K
Event: 1,583 GC heap after
Heap after GC invocations=1 (full 0):
 PSYoungGen      total 14336K, used 2047K [0x91ac0000, 0x936c0000, 0xa7000000)
  eden space 12288K, 0% used [0x91ac0000,0x91ac0000,0x926c0000)
  from space 2048K, 99% used [0x926c0000,0x928bfc50,0x928c0000)
  to   space 2048K, 0% used [0x934c0000,0x934c0000,0x936c0000)
 ParOldGen       total 32768K, used 1552K [0x67000000, 0x69000000, 0x91ac0000)
  object space 32768K, 4% used [0x67000000,0x67184148,0x69000000)
 Metaspace       used 3416K, capacity 3614K, committed 3736K, reserved 4400K
}
Event: 1,977 GC heap before
{Heap before GC invocations=2 (full 0):
 PSYoungGen      total 14336K, used 14335K [0x91ac0000, 0x936c0000, 0xa7000000)
  eden space 12288K, 100% used [0x91ac0000,0x926c0000,0x926c0000)
  from space 2048K, 99% used [0x926c0000,0x928bfc50,0x928c0000)
  to   space 2048K, 0% used [0x934c0000,0x934c0000,0x936c0000)
 ParOldGen       total 32768K, used 1552K [0x67000000, 0x69000000, 0x91ac0000)
  object space 32768K, 4% used [0x67000000,0x67184148,0x69000000)
 Metaspace       used 3586K, capacity 3742K, committed 3864K, reserved 4400K
Event: 2,009 GC heap after
Heap after GC invocations=2 (full 0):
 PSYoungGen      total 26624K, used 2047K [0x91ac0000, 0x936c0000, 0xa7000000)
  eden space 24576K, 0% used [0x91ac0000,0x91ac0000,0x932c0000)
  from space 2048K, 99% used [0x934c0000,0x936bfd70,0x936c0000)
  to   space 2048K, 0% used [0x932c0000,0x932c0000,0x934c0000)
 ParOldGen       total 32768K, used 3695K [0x67000000, 0x69000000, 0x91ac0000)
  object space 32768K, 11% used [0x67000000,0x6739bff8,0x69000000)
 Metaspace       used 3586K, capacity 3742K, committed 3864K, reserved 4400K
}
Event: 3,341 GC heap before
{Heap before GC invocations=3 (full 0):
 PSYoungGen      total 26624K, used 26623K [0x91ac0000, 0x936c0000, 0xa7000000)
  eden space 24576K, 100% used [0x91ac0000,0x932c0000,0x932c0000)
  from space 2048K, 99% used [0x934c0000,0x936bfd70,0x936c0000)
  to   space 2048K, 0% used [0x932c0000,0x932c0000,0x934c0000)
 ParOldGen       total 32768K, used 3695K [0x67000000, 0x69000000, 0x91ac0000)
  object space 32768K, 11% used [0x67000000,0x6739bff8,0x69000000)
 Metaspace       used 4916K, capacity 4972K, committed 5016K, reserved 5424K
Event: 3,375 GC heap after
Heap after GC invocations=3 (full 0):
 PSYoungGen      total 26624K, used 2043K [0x91ac0000, 0x94ec0000, 0xa7000000)
  eden space 24576K, 0% used [0x91ac0000,0x91ac0000,0x932c0000)
  from space 2048K, 99% used [0x932c0000,0x934bee58,0x934c0000)
  to   space 2048K, 0% used [0x94cc0000,0x94cc0000,0x94ec0000)
 ParOldGen       total 32768K, used 9352K [0x67000000, 0x69000000, 0x91ac0000)
  object space 32768K, 28% used [0x67000000,0x679222b0,0x69000000)
 Metaspace       used 4916K, capacity 4972K, committed 5016K, reserved 5424K
}
Event: 3,687 GC heap before
{Heap before GC invocations=4 (full 0):
 PSYoungGen      total 26624K, used 26619K [0x91ac0000, 0x94ec0000, 0xa7000000)
  eden space 24576K, 100% used [0x91ac0000,0x932c0000,0x932c0000)
  from space 2048K, 99% used [0x932c0000,0x934bee58,0x934c0000)
  to   space 2048K, 0% used [0x94cc0000,0x94cc0000,0x94ec0000)
 ParOldGen       total 32768K, used 9352K [0x67000000, 0x69000000, 0x91ac0000)
  object space 32768K, 28% used [0x67000000,0x679222b0,0x69000000)
 Metaspace       used 4951K, capacity 5004K, committed 5016K, reserved 5424K
Event: 3,711 GC heap after
Heap after GC invocations=4 (full 0):
 PSYoungGen      total 51200K, used 2033K [0x91ac0000, 0x94ec0000, 0xa7000000)
  eden space 49152K, 0% used [0x91ac0000,0x91ac0000,0x94ac0000)
  from space 2048K, 99% used [0x94cc0000,0x94ebc698,0x94ec0000)
  to   space 2048K, 0% used [0x94ac0000,0x94ac0000,0x94cc0000)
 ParOldGen       total 32768K, used 10787K [0x67000000, 0x69000000, 0x91ac0000)
  object space 32768K, 32% used [0x67000000,0x67a88ee8,0x69000000)
 Metaspace       used 4951K, capacity 5004K, committed 5016K, reserved 5424K
}
Event: 4,153 GC heap before
{Heap before GC invocations=5 (full 0):
 PSYoungGen      total 51200K, used 51185K [0x91ac0000, 0x94ec0000, 0xa7000000)
  eden space 49152K, 100% used [0x91ac0000,0x94ac0000,0x94ac0000)
  from space 2048K, 99% used [0x94cc0000,0x94ebc698,0x94ec0000)
  to   space 2048K, 0% used [0x94ac0000,0x94ac0000,0x94cc0000)
 ParOldGen       total 32768K, used 10787K [0x67000000, 0x69000000, 0x91ac0000)
  object space 32768K, 32% used [0x67000000,0x67a88ee8,0x69000000)
 Metaspace       used 4970K, capacity 5036K, committed 5144K, reserved 5424K

