# JRE version: Java(TM) SE Runtime Environment (8.0_45-b14) (build 1.8.0_45-b14)
# Java VM: Java HotSpot(TM) Server VM (25.45-b02 mixed mode linux-x86 )
Heap:
 PSYoungGen      total 51200K, used 1820K [0x91ac0000, 0x94ec0000, 0xa7000000)
  eden space 49152K, 0% used [0x91ac0000,0x91ac0000,0x94ac0000)
  from space 2048K, 88% used [0x94ac0000,0x94c87370,0x94cc0000)
  to   space 2048K, 0% used [0x94cc0000,0x94cc0000,0x94ec0000)
 ParOldGen       total 32768K, used 23628K [0x67000000, 0x69000000, 0x91ac0000)
  object space 32768K, 72% used [0x67000000,0x68713388,0x69000000)
 Metaspace       used 4980K, capacity 5036K, committed 5144K, reserved 5424K
GC Heap History (9 events):
Event: 1,775 GC heap before
{Heap before GC invocations=1 (full 0):
 PSYoungGen      total 14336K, used 12288K [0x91ac0000, 0x92ac0000, 0xa7000000)
  eden space 12288K, 100% used [0x91ac0000,0x926c0000,0x926c0000)
  from space 2048K, 0% used [0x928c0000,0x928c0000,0x92ac0000)
  to   space 2048K, 0% used [0x926c0000,0x926c0000,0x928c0000)
 ParOldGen       total 32768K, used 0K [0x67000000, 0x69000000, 0x91ac0000)
  object space 32768K, 0% used [0x67000000,0x67000000,0x69000000)
 Metaspace       used 3435K, capacity 3614K, committed 3736K, reserved 4400K
Event: 1,810 GC heap after
Heap after GC invocations=1 (full 0):
 PSYoungGen      total 14336K, used 2039K [0x91ac0000, 0x936c0000, 0xa7000000)
  eden space 12288K, 0% used [0x91ac0000,0x91ac0000,0x926c0000)
  from space 2048K, 99% used [0x926c0000,0x928bdc40,0x928c0000)
  to   space 2048K, 0% used [0x934c0000,0x934c0000,0x936c0000)
 ParOldGen       total 32768K, used 1542K [0x67000000, 0x69000000, 0x91ac0000)
  object space 32768K, 4% used [0x67000000,0x67181a38,0x69000000)
 Metaspace       used 3435K, capacity 3614K, committed 3736K, reserved 4400K
}
Event: 2,475 GC heap before
{Heap before GC invocations=2 (full 0):
 PSYoungGen      total 14336K, used 14327K [0x91ac0000, 0x936c0000, 0xa7000000)
  eden space 12288K, 100% used [0x91ac0000,0x926c0000,0x926c0000)
  from space 2048K, 99% used [0x926c0000,0x928bdc40,0x928c0000)
  to   space 2048K, 0% used [0x934c0000,0x934c0000,0x936c0000)
 ParOldGen       total 32768K, used 1542K [0x67000000, 0x69000000, 0x91ac0000)
  object space 32768K, 4% used [0x67000000,0x67181a38,0x69000000)
 Metaspace       used 3594K, capacity 3742K, committed 3864K, reserved 4400K
Event: 2,501 GC heap after
Heap after GC invocations=2 (full 0):
 PSYoungGen      total 26624K, used 2032K [0x91ac0000, 0x936c0000, 0xa7000000)
  eden space 24576K, 0% used [0x91ac0000,0x91ac0000,0x932c0000)
  from space 2048K, 99% used [0x934c0000,0x936bc0b0,0x936c0000)
  to   space 2048K, 0% used [0x932c0000,0x932c0000,0x934c0000)
 ParOldGen       total 32768K, used 3731K [0x67000000, 0x69000000, 0x91ac0000)
  object space 32768K, 11% used [0x67000000,0x673a4db8,0x69000000)
 Metaspace       used 3594K, capacity 3742K, committed 3864K, reserved 4400K
}
Event: 4,233 GC heap before
{Heap before GC invocations=3 (full 0):
 PSYoungGen      total 26624K, used 26608K [0x91ac0000, 0x936c0000, 0xa7000000)
  eden space 24576K, 100% used [0x91ac0000,0x932c0000,0x932c0000)
  from space 2048K, 99% used [0x934c0000,0x936bc0b0,0x936c0000)
  to   space 2048K, 0% used [0x932c0000,0x932c0000,0x934c0000)
 ParOldGen       total 32768K, used 3731K [0x67000000, 0x69000000, 0x91ac0000)
  object space 32768K, 11% used [0x67000000,0x673a4db8,0x69000000)
 Metaspace       used 4924K, capacity 4972K, committed 5016K, reserved 5424K
Event: 4,258 GC heap after
Heap after GC invocations=3 (full 0):
 PSYoungGen      total 26624K, used 2043K [0x91ac0000, 0x94ec0000, 0xa7000000)
  eden space 24576K, 0% used [0x91ac0000,0x91ac0000,0x932c0000)
  from space 2048K, 99% used [0x932c0000,0x934beff0,0x934c0000)
  to   space 2048K, 0% used [0x94cc0000,0x94cc0000,0x94ec0000)
 ParOldGen       total 32768K, used 9076K [0x67000000, 0x69000000, 0x91ac0000)
  object space 32768K, 27% used [0x67000000,0x678dd1a0,0x69000000)
 Metaspace       used 4924K, capacity 4972K, committed 5016K, reserved 5424K
}
Event: 4,680 GC heap before
{Heap before GC invocations=4 (full 0):
 PSYoungGen      total 26624K, used 26619K [0x91ac0000, 0x94ec0000, 0xa7000000)
  eden space 24576K, 100% used [0x91ac0000,0x932c0000,0x932c0000)
  from space 2048K, 99% used [0x932c0000,0x934beff0,0x934c0000)
  to   space 2048K, 0% used [0x94cc0000,0x94cc0000,0x94ec0000)
 ParOldGen       total 32768K, used 9076K [0x67000000, 0x69000000, 0x91ac0000)
  object space 32768K, 27% used [0x67000000,0x678dd1a0,0x69000000)
 Metaspace       used 4963K, capacity 5004K, committed 5016K, reserved 5424K
Event: 4,713 GC heap after
Heap after GC invocations=4 (full 0):
 PSYoungGen      total 51200K, used 2041K [0x91ac0000, 0x94ec0000, 0xa7000000)
  eden space 49152K, 0% used [0x91ac0000,0x91ac0000,0x94ac0000)
  from space 2048K, 99% used [0x94cc0000,0x94ebe560,0x94ec0000)
  to   space 2048K, 0% used [0x94ac0000,0x94ac0000,0x94cc0000)
 ParOldGen       total 32768K, used 10502K [0x67000000, 0x69000000, 0x91ac0000)
  object space 32768K, 32% used [0x67000000,0x67a41890,0x69000000)
 Metaspace       used 4963K, capacity 5004K, committed 5016K, reserved 5424K
}
Event: 5,359 GC heap before
{Heap before GC invocations=5 (full 0):
 PSYoungGen      total 51200K, used 51193K [0x91ac0000, 0x94ec0000, 0xa7000000)
  eden space 49152K, 100% used [0x91ac0000,0x94ac0000,0x94ac0000)
  from space 2048K, 99% used [0x94cc0000,0x94ebe560,0x94ec0000)
  to   space 2048K, 0% used [0x94ac0000,0x94ac0000,0x94cc0000)
 ParOldGen       total 32768K, used 10502K [0x67000000, 0x69000000, 0x91ac0000)
  object space 32768K, 32% used [0x67000000,0x67a41890,0x69000000)
 Metaspace       used 4980K, capacity 5036K, committed 5144K, reserved 5424K

