# JRE version: Java(TM) SE Runtime Environment (8.0_45-b14) (build 1.8.0_45-b14)
# Java VM: Java HotSpot(TM) Server VM (25.45-b02 mixed mode linux-x86 )
Heap:
 PSYoungGen      total 55040K, used 5635K [0x91ac0000, 0x95740000, 0xa7000000)
  eden space 48640K, 0% used [0x91ac0000,0x91ac0000,0x94a40000)
  from space 6400K, 88% used [0x94a40000,0x94fc0e58,0x95080000)
  to   space 5888K, 0% used [0x95080000,0x95080000,0x95640000)
 ParOldGen       total 32768K, used 22592K [0x67000000, 0x69000000, 0x91ac0000)
  object space 32768K, 68% used [0x67000000,0x68610298,0x69000000)
 Metaspace       used 4913K, capacity 4972K, committed 5016K, reserved 5424K
GC Heap History (10 events):
Event: 2,754 GC heap after
Heap after GC invocations=2 (full 0):
 PSYoungGen      total 14336K, used 2033K [0x91ac0000, 0x936c0000, 0xa7000000)
  eden space 12288K, 0% used [0x91ac0000,0x91ac0000,0x926c0000)
  from space 2048K, 99% used [0x928c0000,0x92abc460,0x92ac0000)
  to   space 2048K, 0% used [0x926c0000,0x926c0000,0x928c0000)
 ParOldGen       total 32768K, used 4156K [0x67000000, 0x69000000, 0x91ac0000)
  object space 32768K, 12% used [0x67000000,0x6740f2a8,0x69000000)
 Metaspace       used 3578K, capacity 3710K, committed 3736K, reserved 4400K
}
Event: 5,356 GC heap before
{Heap before GC invocations=3 (full 0):
 PSYoungGen      total 14336K, used 14321K [0x91ac0000, 0x936c0000, 0xa7000000)
  eden space 12288K, 100% used [0x91ac0000,0x926c0000,0x926c0000)
  from space 2048K, 99% used [0x928c0000,0x92abc460,0x92ac0000)
  to   space 2048K, 0% used [0x926c0000,0x926c0000,0x928c0000)
 ParOldGen       total 32768K, used 4156K [0x67000000, 0x69000000, 0x91ac0000)
  object space 32768K, 12% used [0x67000000,0x6740f2a8,0x69000000)
 Metaspace       used 4816K, capacity 4876K, committed 4888K, reserved 5424K
Event: 5,372 GC heap after
Heap after GC invocations=3 (full 0):
 PSYoungGen      total 14336K, used 2045K [0x91ac0000, 0x936c0000, 0xa7000000)
  eden space 12288K, 0% used [0x91ac0000,0x91ac0000,0x926c0000)
  from space 2048K, 99% used [0x926c0000,0x928bf778,0x928c0000)
  to   space 2048K, 0% used [0x934c0000,0x934c0000,0x936c0000)
 ParOldGen       total 32768K, used 7413K [0x67000000, 0x69000000, 0x91ac0000)
  object space 32768K, 22% used [0x67000000,0x6773d658,0x69000000)
 Metaspace       used 4816K, capacity 4876K, committed 4888K, reserved 5424K
}
Event: 5,651 GC heap before
{Heap before GC invocations=4 (full 0):
 PSYoungGen      total 14336K, used 13999K [0x91ac0000, 0x936c0000, 0xa7000000)
  eden space 12288K, 97% used [0x91ac0000,0x9266c7d8,0x926c0000)
  from space 2048K, 99% used [0x926c0000,0x928bf778,0x928c0000)
  to   space 2048K, 0% used [0x934c0000,0x934c0000,0x936c0000)
 ParOldGen       total 32768K, used 7413K [0x67000000, 0x69000000, 0x91ac0000)
  object space 32768K, 22% used [0x67000000,0x6773d658,0x69000000)
 Metaspace       used 4862K, capacity 4908K, committed 5016K, reserved 5424K
Event: 5,664 GC heap after
Heap after GC invocations=4 (full 0):
 PSYoungGen      total 26624K, used 1930K [0x91ac0000, 0x936c0000, 0xa7000000)
  eden space 24576K, 0% used [0x91ac0000,0x91ac0000,0x932c0000)
  from space 2048K, 94% used [0x934c0000,0x936a2878,0x936c0000)
  to   space 2048K, 0% used [0x932c0000,0x932c0000,0x934c0000)
 ParOldGen       total 32768K, used 9199K [0x67000000, 0x69000000, 0x91ac0000)
  object space 32768K, 28% used [0x67000000,0x678fbeb8,0x69000000)
 Metaspace       used 4862K, capacity 4908K, committed 5016K, reserved 5424K
}
Event: 5,972 GC heap before
{Heap before GC invocations=5 (full 0):
 PSYoungGen      total 26624K, used 26506K [0x91ac0000, 0x936c0000, 0xa7000000)
  eden space 24576K, 100% used [0x91ac0000,0x932c0000,0x932c0000)
  from space 2048K, 94% used [0x934c0000,0x936a2878,0x936c0000)
  to   space 2048K, 0% used [0x932c0000,0x932c0000,0x934c0000)
 ParOldGen       total 32768K, used 9199K [0x67000000, 0x69000000, 0x91ac0000)
  object space 32768K, 28% used [0x67000000,0x678fbeb8,0x69000000)
 Metaspace       used 4899K, capacity 4972K, committed 5016K, reserved 5424K
Event: 5,997 GC heap after
Heap after GC invocations=5 (full 0):
 PSYoungGen      total 26624K, used 2037K [0x91ac0000, 0x95640000, 0xa7000000)
  eden space 24576K, 0% used [0x91ac0000,0x91ac0000,0x932c0000)
  from space 2048K, 99% used [0x932c0000,0x934bd5b0,0x934c0000)
  to   space 5888K, 0% used [0x95080000,0x95080000,0x95640000)
 ParOldGen       total 32768K, used 10939K [0x67000000, 0x69000000, 0x91ac0000)
  object space 32768K, 33% used [0x67000000,0x67aaeda8,0x69000000)
 Metaspace       used 4899K, capacity 4972K, committed 5016K, reserved 5424K
}
Event: 6,155 GC heap before
{Heap before GC invocations=6 (full 0):
 PSYoungGen      total 26624K, used 26613K [0x91ac0000, 0x95640000, 0xa7000000)
  eden space 24576K, 100% used [0x91ac0000,0x932c0000,0x932c0000)
  from space 2048K, 99% used [0x932c0000,0x934bd5b0,0x934c0000)
  to   space 5888K, 0% used [0x95080000,0x95080000,0x95640000)
 ParOldGen       total 32768K, used 10939K [0x67000000, 0x69000000, 0x91ac0000)
  object space 32768K, 33% used [0x67000000,0x67aaeda8,0x69000000)
 Metaspace       used 4902K, capacity 4972K, committed 5016K, reserved 5424K
Event: 6,196 GC heap after
Heap after GC invocations=6 (full 0):
 PSYoungGen      total 54528K, used 5054K [0x91ac0000, 0x95740000, 0xa7000000)
  eden space 48640K, 0% used [0x91ac0000,0x91ac0000,0x94a40000)
  from space 5888K, 85% used [0x95080000,0x9556fa80,0x95640000)
  to   space 6400K, 0% used [0x94a40000,0x94a40000,0x95080000)
 ParOldGen       total 32768K, used 21459K [0x67000000, 0x69000000, 0x91ac0000)
  object space 32768K, 65% used [0x67000000,0x684f4e48,0x69000000)
 Metaspace       used 4902K, capacity 4972K, committed 5016K, reserved 5424K
}
Event: 6,468 GC heap before
{Heap before GC invocations=7 (full 0):
 PSYoungGen      total 54528K, used 53694K [0x91ac0000, 0x95740000, 0xa7000000)
  eden space 48640K, 100% used [0x91ac0000,0x94a40000,0x94a40000)
  from space 5888K, 85% used [0x95080000,0x9556fa80,0x95640000)
  to   space 6400K, 0% used [0x94a40000,0x94a40000,0x95080000)
 ParOldGen       total 32768K, used 21459K [0x67000000, 0x69000000, 0x91ac0000)
  object space 32768K, 65% used [0x67000000,0x684f4e48,0x69000000)
 Metaspace       used 4913K, capacity 4972K, committed 5016K, reserved 5424K

