# JRE version: Java(TM) SE Runtime Environment (8.0_45-b14) (build 1.8.0_45-b14)
# Java VM: Java HotSpot(TM) Server VM (25.45-b02 mixed mode linux-x86 )
Heap:
 PSYoungGen      total 26624K, used 2036K [0x91ac0000, 0x936c0000, 0xa7000000)
  eden space 24576K, 0% used [0x91ac0000,0x91ac0000,0x932c0000)
  from space 2048K, 99% used [0x932c0000,0x934bd040,0x934c0000)
  to   space 2048K, 0% used [0x934c0000,0x934c0000,0x936c0000)
 ParOldGen       total 32768K, used 12873K [0x67000000, 0x69000000, 0x91ac0000)
  object space 32768K, 39% used [0x67000000,0x67c927f8,0x69000000)
 Metaspace       used 4883K, capacity 4940K, committed 5016K, reserved 5424K
GC Heap History (9 events):
Event: 2,137 GC heap before
{Heap before GC invocations=1 (full 0):
 PSYoungGen      total 14336K, used 12288K [0x91ac0000, 0x92ac0000, 0xa7000000)
  eden space 12288K, 100% used [0x91ac0000,0x926c0000,0x926c0000)
  from space 2048K, 0% used [0x928c0000,0x928c0000,0x92ac0000)
  to   space 2048K, 0% used [0x926c0000,0x926c0000,0x928c0000)
 ParOldGen       total 32768K, used 0K [0x67000000, 0x69000000, 0x91ac0000)
  object space 32768K, 0% used [0x67000000,0x67000000,0x69000000)
 Metaspace       used 3415K, capacity 3614K, committed 3736K, reserved 4400K
Event: 2,146 GC heap after
Heap after GC invocations=1 (full 0):
 PSYoungGen      total 14336K, used 2047K [0x91ac0000, 0x92ac0000, 0xa7000000)
  eden space 12288K, 0% used [0x91ac0000,0x91ac0000,0x926c0000)
  from space 2048K, 99% used [0x926c0000,0x928bfc50,0x928c0000)
  to   space 2048K, 0% used [0x928c0000,0x928c0000,0x92ac0000)
 ParOldGen       total 32768K, used 1527K [0x67000000, 0x69000000, 0x91ac0000)
  object space 32768K, 4% used [0x67000000,0x6717df20,0x69000000)
 Metaspace       used 3415K, capacity 3614K, committed 3736K, reserved 4400K
}
Event: 2,601 GC heap before
{Heap before GC invocations=2 (full 0):
 PSYoungGen      total 14336K, used 14232K [0x91ac0000, 0x92ac0000, 0xa7000000)
  eden space 12288K, 99% used [0x91ac0000,0x926a64d8,0x926c0000)
  from space 2048K, 99% used [0x926c0000,0x928bfc50,0x928c0000)
  to   space 2048K, 0% used [0x928c0000,0x928c0000,0x92ac0000)
 ParOldGen       total 32768K, used 1527K [0x67000000, 0x69000000, 0x91ac0000)
  object space 32768K, 4% used [0x67000000,0x6717df20,0x69000000)
 Metaspace       used 3561K, capacity 3710K, committed 3736K, reserved 4400K
Event: 2,615 GC heap after
Heap after GC invocations=2 (full 0):
 PSYoungGen      total 14336K, used 2032K [0x91ac0000, 0x936c0000, 0xa7000000)
  eden space 12288K, 0% used [0x91ac0000,0x91ac0000,0x926c0000)
  from space 2048K, 99% used [0x928c0000,0x92abc008,0x92ac0000)
  to   space 2048K, 0% used [0x926c0000,0x926c0000,0x928c0000)
 ParOldGen       total 32768K, used 4291K [0x67000000, 0x69000000, 0x91ac0000)
  object space 32768K, 13% used [0x67000000,0x67430c90,0x69000000)
 Metaspace       used 3561K, capacity 3710K, committed 3736K, reserved 4400K
}
Event: 3,710 GC heap before
{Heap before GC invocations=3 (full 0):
 PSYoungGen      total 14336K, used 14105K [0x91ac0000, 0x936c0000, 0xa7000000)
  eden space 12288K, 98% used [0x91ac0000,0x9268a5e0,0x926c0000)
  from space 2048K, 99% used [0x928c0000,0x92abc008,0x92ac0000)
  to   space 2048K, 0% used [0x926c0000,0x926c0000,0x928c0000)
 ParOldGen       total 32768K, used 4291K [0x67000000, 0x69000000, 0x91ac0000)
  object space 32768K, 13% used [0x67000000,0x67430c90,0x69000000)
 Metaspace       used 4809K, capacity 4844K, committed 4888K, reserved 5424K
Event: 3,726 GC heap after
Heap after GC invocations=3 (full 0):
 PSYoungGen      total 14336K, used 2046K [0x91ac0000, 0x936c0000, 0xa7000000)
  eden space 12288K, 0% used [0x91ac0000,0x91ac0000,0x926c0000)
  from space 2048K, 99% used [0x926c0000,0x928bfb40,0x928c0000)
  to   space 2048K, 0% used [0x934c0000,0x934c0000,0x936c0000)
 ParOldGen       total 32768K, used 7391K [0x67000000, 0x69000000, 0x91ac0000)
  object space 32768K, 22% used [0x67000000,0x67737d00,0x69000000)
 Metaspace       used 4809K, capacity 4844K, committed 4888K, reserved 5424K
}
Event: 3,923 GC heap before
{Heap before GC invocations=4 (full 0):
 PSYoungGen      total 14336K, used 14258K [0x91ac0000, 0x936c0000, 0xa7000000)
  eden space 12288K, 99% used [0x91ac0000,0x926acd80,0x926c0000)
  from space 2048K, 99% used [0x926c0000,0x928bfb40,0x928c0000)
  to   space 2048K, 0% used [0x934c0000,0x934c0000,0x936c0000)
 ParOldGen       total 32768K, used 7391K [0x67000000, 0x69000000, 0x91ac0000)
  object space 32768K, 22% used [0x67000000,0x67737d00,0x69000000)
 Metaspace       used 4858K, capacity 4908K, committed 5016K, reserved 5424K
Event: 3,934 GC heap after
Heap after GC invocations=4 (full 0):
 PSYoungGen      total 26624K, used 2032K [0x91ac0000, 0x936c0000, 0xa7000000)
  eden space 24576K, 0% used [0x91ac0000,0x91ac0000,0x932c0000)
  from space 2048K, 99% used [0x934c0000,0x936bc240,0x936c0000)
  to   space 2048K, 0% used [0x932c0000,0x932c0000,0x934c0000)
 ParOldGen       total 32768K, used 9105K [0x67000000, 0x69000000, 0x91ac0000)
  object space 32768K, 27% used [0x67000000,0x678e4670,0x69000000)
 Metaspace       used 4858K, capacity 4908K, committed 5016K, reserved 5424K
}
Event: 4,154 GC heap before
{Heap before GC invocations=5 (full 0):
 PSYoungGen      total 26624K, used 26608K [0x91ac0000, 0x936c0000, 0xa7000000)
  eden space 24576K, 100% used [0x91ac0000,0x932c0000,0x932c0000)
  from space 2048K, 99% used [0x934c0000,0x936bc240,0x936c0000)
  to   space 2048K, 0% used [0x932c0000,0x932c0000,0x934c0000)
 ParOldGen       total 32768K, used 9105K [0x67000000, 0x69000000, 0x91ac0000)
  object space 32768K, 27% used [0x67000000,0x678e4670,0x69000000)
 Metaspace       used 4883K, capacity 4940K, committed 5016K, reserved 5424K

